WARNING - 2023-05-03 11:55:38 --> [DEPRECATED] Creation of dynamic property App\Controllers\Enrollments::$enrollments_model is deprecated in APPPATH\Controllers\Enrollments.php on line 8.
 1 SYSTEMPATH\CodeIgniter.php(906): App\Controllers\Enrollments->__construct()
 2 SYSTEMPATH\CodeIgniter.php(490): CodeIgniter\CodeIgniter->createController()
 3 SYSTEMPATH\CodeIgniter.php(368): CodeIgniter\CodeIgniter->handleRequest(null, Object(Config\Cache), false)
 4 FCPATH\index.php(67): CodeIgniter\CodeIgniter->run()
CRITICAL - 2023-05-03 11:55:38 --> Undefined variable $course
in APPPATH\Views\enrollments.php on line 26.
 1 APPPATH\Views\enrollments.php(26): CodeIgniter\Debug\Exceptions->errorHandler(2, 'Undefined variable $course', 'C:\\XAMPP\\htdocs\\university\\app\\Views\\enrollments.php', 26)
 2 SYSTEMPATH\View\View.php(213): include('C:\\XAMPP\\htdocs\\university\\app\\Views\\enrollments.php')
 3 SYSTEMPATH\View\View.php(216): CodeIgniter\View\View->CodeIgniter\View\{closure}()
 4 SYSTEMPATH\Common.php(1184): CodeIgniter\View\View->render('enrollments', [], true)
 5 APPPATH\Controllers\Enrollments.php(17): view('enrollments', [...])
 6 SYSTEMPATH\CodeIgniter.php(934): App\Controllers\Enrollments->index()
 7 SYSTEMPATH\CodeIgniter.php(499): CodeIgniter\CodeIgniter->runController(Object(App\Controllers\Enrollments))
 8 SYSTEMPATH\CodeIgniter.php(368): CodeIgniter\CodeIgniter->handleRequest(null, Object(Config\Cache), false)
 9 FCPATH\index.php(67): CodeIgniter\CodeIgniter->run()
WARNING - 2023-05-03 11:56:10 --> [DEPRECATED] Creation of dynamic property App\Controllers\Enrollments::$enrollments_model is deprecated in APPPATH\Controllers\Enrollments.php on line 8.
 1 SYSTEMPATH\CodeIgniter.php(906): App\Controllers\Enrollments->__construct()
 2 SYSTEMPATH\CodeIgniter.php(490): CodeIgniter\CodeIgniter->createController()
 3 SYSTEMPATH\CodeIgniter.php(368): CodeIgniter\CodeIgniter->handleRequest(null, Object(Config\Cache), false)
 4 FCPATH\index.php(67): CodeIgniter\CodeIgniter->run()
WARNING - 2023-05-03 11:58:39 --> [DEPRECATED] Creation of dynamic property App\Controllers\Grades::$grades_model is deprecated in APPPATH\Controllers\Grades.php on line 8.
 1 SYSTEMPATH\CodeIgniter.php(906): App\Controllers\Grades->__construct()
 2 SYSTEMPATH\CodeIgniter.php(490): CodeIgniter\CodeIgniter->createController()
 3 SYSTEMPATH\CodeIgniter.php(368): CodeIgniter\CodeIgniter->handleRequest(null, Object(Config\Cache), false)
 4 FCPATH\index.php(67): CodeIgniter\CodeIgniter->run()
CRITICAL - 2023-05-03 11:58:39 --> Undefined property: stdClass::$StudentID
in APPPATH\Views\grades.php on line 25.
 1 APPPATH\Views\grades.php(25): CodeIgniter\Debug\Exceptions->errorHandler(2, 'Undefined property: stdClass::$StudentID', 'C:\\XAMPP\\htdocs\\university\\app\\Views\\grades.php', 25)
 2 SYSTEMPATH\View\View.php(213): include('C:\\XAMPP\\htdocs\\university\\app\\Views\\grades.php')
 3 SYSTEMPATH\View\View.php(216): CodeIgniter\View\View->CodeIgniter\View\{closure}()
 4 SYSTEMPATH\Common.php(1184): CodeIgniter\View\View->render('grades', [], true)
 5 APPPATH\Controllers\Grades.php(17): view('grades', [...])
 6 SYSTEMPATH\CodeIgniter.php(934): App\Controllers\Grades->index()
 7 SYSTEMPATH\CodeIgniter.php(499): CodeIgniter\CodeIgniter->runController(Object(App\Controllers\Grades))
 8 SYSTEMPATH\CodeIgniter.php(368): CodeIgniter\CodeIgniter->handleRequest(null, Object(Config\Cache), false)
 9 FCPATH\index.php(67): CodeIgniter\CodeIgniter->run()
WARNING - 2023-05-03 11:59:09 --> [DEPRECATED] Creation of dynamic property App\Controllers\Grades::$grades_model is deprecated in APPPATH\Controllers\Grades.php on line 8.
 1 SYSTEMPATH\CodeIgniter.php(906): App\Controllers\Grades->__construct()
 2 SYSTEMPATH\CodeIgniter.php(490): CodeIgniter\CodeIgniter->createController()
 3 SYSTEMPATH\CodeIgniter.php(368): CodeIgniter\CodeIgniter->handleRequest(null, Object(Config\Cache), false)
 4 FCPATH\index.php(67): CodeIgniter\CodeIgniter->run()
WARNING - 2023-05-03 12:02:08 --> [DEPRECATED] Creation of dynamic property App\Controllers\Instructors::$instructors_model is deprecated in APPPATH\Controllers\Instructors.php on line 8.
 1 SYSTEMPATH\CodeIgniter.php(906): App\Controllers\Instructors->__construct()
 2 SYSTEMPATH\CodeIgniter.php(490): CodeIgniter\CodeIgniter->createController()
 3 SYSTEMPATH\CodeIgniter.php(368): CodeIgniter\CodeIgniter->handleRequest(null, Object(Config\Cache), false)
 4 FCPATH\index.php(67): CodeIgniter\CodeIgniter->run()
CRITICAL - 2023-05-03 12:02:08 --> Undefined property: stdClass::$FirstName
in APPPATH\Views\instructors.php on line 27.
 1 APPPATH\Views\instructors.php(27): CodeIgniter\Debug\Exceptions->errorHandler(2, 'Undefined property: stdClass::$FirstName', 'C:\\XAMPP\\htdocs\\university\\app\\Views\\instructors.php', 27)
 2 SYSTEMPATH\View\View.php(213): include('C:\\XAMPP\\htdocs\\university\\app\\Views\\instructors.php')
 3 SYSTEMPATH\View\View.php(216): CodeIgniter\View\View->CodeIgniter\View\{closure}()
 4 SYSTEMPATH\Common.php(1184): CodeIgniter\View\View->render('instructors', [], true)
 5 APPPATH\Controllers\Instructors.php(17): view('instructors', [...])
 6 SYSTEMPATH\CodeIgniter.php(934): App\Controllers\Instructors->index()
 7 SYSTEMPATH\CodeIgniter.php(499): CodeIgniter\CodeIgniter->runController(Object(App\Controllers\Instructors))
 8 SYSTEMPATH\CodeIgniter.php(368): CodeIgniter\CodeIgniter->handleRequest(null, Object(Config\Cache), false)
 9 FCPATH\index.php(67): CodeIgniter\CodeIgniter->run()
WARNING - 2023-05-03 12:03:32 --> [DEPRECATED] Creation of dynamic property App\Controllers\Instructors::$instructors_model is deprecated in APPPATH\Controllers\Instructors.php on line 8.
 1 SYSTEMPATH\CodeIgniter.php(906): App\Controllers\Instructors->__construct()
 2 SYSTEMPATH\CodeIgniter.php(490): CodeIgniter\CodeIgniter->createController()
 3 SYSTEMPATH\CodeIgniter.php(368): CodeIgniter\CodeIgniter->handleRequest(null, Object(Config\Cache), false)
 4 FCPATH\index.php(67): CodeIgniter\CodeIgniter->run()
CRITICAL - 2023-05-03 12:03:32 --> Undefined property: stdClass::$LastName
in APPPATH\Views\instructors.php on line 27.
 1 APPPATH\Views\instructors.php(27): CodeIgniter\Debug\Exceptions->errorHandler(2, 'Undefined property: stdClass::$LastName', 'C:\\XAMPP\\htdocs\\university\\app\\Views\\instructors.php', 27)
 2 SYSTEMPATH\View\View.php(213): include('C:\\XAMPP\\htdocs\\university\\app\\Views\\instructors.php')
 3 SYSTEMPATH\View\View.php(216): CodeIgniter\View\View->CodeIgniter\View\{closure}()
 4 SYSTEMPATH\Common.php(1184): CodeIgniter\View\View->render('instructors', [], true)
 5 APPPATH\Controllers\Instructors.php(17): view('instructors', [...])
 6 SYSTEMPATH\CodeIgniter.php(934): App\Controllers\Instructors->index()
 7 SYSTEMPATH\CodeIgniter.php(499): CodeIgniter\CodeIgniter->runController(Object(App\Controllers\Instructors))
 8 SYSTEMPATH\CodeIgniter.php(368): CodeIgniter\CodeIgniter->handleRequest(null, Object(Config\Cache), false)
 9 FCPATH\index.php(67): CodeIgniter\CodeIgniter->run()
WARNING - 2023-05-03 12:03:33 --> [DEPRECATED] Creation of dynamic property App\Controllers\Instructors::$instructors_model is deprecated in APPPATH\Controllers\Instructors.php on line 8.
 1 SYSTEMPATH\CodeIgniter.php(906): App\Controllers\Instructors->__construct()
 2 SYSTEMPATH\CodeIgniter.php(490): CodeIgniter\CodeIgniter->createController()
 3 SYSTEMPATH\CodeIgniter.php(368): CodeIgniter\CodeIgniter->handleRequest(null, Object(Config\Cache), false)
 4 FCPATH\index.php(67): CodeIgniter\CodeIgniter->run()
CRITICAL - 2023-05-03 12:03:33 --> Undefined property: stdClass::$LastName
in APPPATH\Views\instructors.php on line 27.
 1 APPPATH\Views\instructors.php(27): CodeIgniter\Debug\Exceptions->errorHandler(2, 'Undefined property: stdClass::$LastName', 'C:\\XAMPP\\htdocs\\university\\app\\Views\\instructors.php', 27)
 2 SYSTEMPATH\View\View.php(213): include('C:\\XAMPP\\htdocs\\university\\app\\Views\\instructors.php')
 3 SYSTEMPATH\View\View.php(216): CodeIgniter\View\View->CodeIgniter\View\{closure}()
 4 SYSTEMPATH\Common.php(1184): CodeIgniter\View\View->render('instructors', [], true)
 5 APPPATH\Controllers\Instructors.php(17): view('instructors', [...])
 6 SYSTEMPATH\CodeIgniter.php(934): App\Controllers\Instructors->index()
 7 SYSTEMPATH\CodeIgniter.php(499): CodeIgniter\CodeIgniter->runController(Object(App\Controllers\Instructors))
 8 SYSTEMPATH\CodeIgniter.php(368): CodeIgniter\CodeIgniter->handleRequest(null, Object(Config\Cache), false)
 9 FCPATH\index.php(67): CodeIgniter\CodeIgniter->run()
WARNING - 2023-05-03 12:03:52 --> [DEPRECATED] Creation of dynamic property App\Controllers\Instructors::$instructors_model is deprecated in APPPATH\Controllers\Instructors.php on line 8.
 1 SYSTEMPATH\CodeIgniter.php(906): App\Controllers\Instructors->__construct()
 2 SYSTEMPATH\CodeIgniter.php(490): CodeIgniter\CodeIgniter->createController()
 3 SYSTEMPATH\CodeIgniter.php(368): CodeIgniter\CodeIgniter->handleRequest(null, Object(Config\Cache), false)
 4 FCPATH\index.php(67): CodeIgniter\CodeIgniter->run()
CRITICAL - 2023-05-03 12:03:52 --> Undefined property: stdClass::$Email
in APPPATH\Views\instructors.php on line 27.
 1 APPPATH\Views\instructors.php(27): CodeIgniter\Debug\Exceptions->errorHandler(2, 'Undefined property: stdClass::$Email', 'C:\\XAMPP\\htdocs\\university\\app\\Views\\instructors.php', 27)
 2 SYSTEMPATH\View\View.php(213): include('C:\\XAMPP\\htdocs\\university\\app\\Views\\instructors.php')
 3 SYSTEMPATH\View\View.php(216): CodeIgniter\View\View->CodeIgniter\View\{closure}()
 4 SYSTEMPATH\Common.php(1184): CodeIgniter\View\View->render('instructors', [], true)
 5 APPPATH\Controllers\Instructors.php(17): view('instructors', [...])
 6 SYSTEMPATH\CodeIgniter.php(934): App\Controllers\Instructors->index()
 7 SYSTEMPATH\CodeIgniter.php(499): CodeIgniter\CodeIgniter->runController(Object(App\Controllers\Instructors))
 8 SYSTEMPATH\CodeIgniter.php(368): CodeIgniter\CodeIgniter->handleRequest(null, Object(Config\Cache), false)
 9 FCPATH\index.php(67): CodeIgniter\CodeIgniter->run()
WARNING - 2023-05-03 12:04:00 --> [DEPRECATED] Creation of dynamic property App\Controllers\Instructors::$instructors_model is deprecated in APPPATH\Controllers\Instructors.php on line 8.
 1 SYSTEMPATH\CodeIgniter.php(906): App\Controllers\Instructors->__construct()
 2 SYSTEMPATH\CodeIgniter.php(490): CodeIgniter\CodeIgniter->createController()
 3 SYSTEMPATH\CodeIgniter.php(368): CodeIgniter\CodeIgniter->handleRequest(null, Object(Config\Cache), false)
 4 FCPATH\index.php(67): CodeIgniter\CodeIgniter->run()
WARNING - 2023-05-03 12:06:37 --> [DEPRECATED] Creation of dynamic property App\Controllers\Instructors::$instructors_model is deprecated in APPPATH\Controllers\Instructors.php on line 8.
 1 SYSTEMPATH\CodeIgniter.php(906): App\Controllers\Instructors->__construct()
 2 SYSTEMPATH\CodeIgniter.php(490): CodeIgniter\CodeIgniter->createController()
 3 SYSTEMPATH\CodeIgniter.php(368): CodeIgniter\CodeIgniter->handleRequest(null, Object(Config\Cache), false)
 4 FCPATH\index.php(67): CodeIgniter\CodeIgniter->run()
CRITICAL - 2023-05-03 12:06:37 --> Undefined property: stdClass::$FirstName
in APPPATH\Views\instructors.php on line 27.
 1 APPPATH\Views\instructors.php(27): CodeIgniter\Debug\Exceptions->errorHandler(2, 'Undefined property: stdClass::$FirstName', 'C:\\XAMPP\\htdocs\\university\\app\\Views\\instructors.php', 27)
 2 SYSTEMPATH\View\View.php(213): include('C:\\XAMPP\\htdocs\\university\\app\\Views\\instructors.php')
 3 SYSTEMPATH\View\View.php(216): CodeIgniter\View\View->CodeIgniter\View\{closure}()
 4 SYSTEMPATH\Common.php(1184): CodeIgniter\View\View->render('instructors', [], true)
 5 APPPATH\Controllers\Instructors.php(17): view('instructors', [...])
 6 SYSTEMPATH\CodeIgniter.php(934): App\Controllers\Instructors->index()
 7 SYSTEMPATH\CodeIgniter.php(499): CodeIgniter\CodeIgniter->runController(Object(App\Controllers\Instructors))
 8 SYSTEMPATH\CodeIgniter.php(368): CodeIgniter\CodeIgniter->handleRequest(null, Object(Config\Cache), false)
 9 FCPATH\index.php(67): CodeIgniter\CodeIgniter->run()
WARNING - 2023-05-03 12:13:28 --> [DEPRECATED] Creation of dynamic property App\Controllers\Instructors::$instructors_model is deprecated in APPPATH\Controllers\Instructors.php on line 8.
 1 SYSTEMPATH\CodeIgniter.php(906): App\Controllers\Instructors->__construct()
 2 SYSTEMPATH\CodeIgniter.php(490): CodeIgniter\CodeIgniter->createController()
 3 SYSTEMPATH\CodeIgniter.php(368): CodeIgniter\CodeIgniter->handleRequest(null, Object(Config\Cache), false)
 4 FCPATH\index.php(67): CodeIgniter\CodeIgniter->run()
WARNING - 2023-05-03 12:16:02 --> [DEPRECATED] Creation of dynamic property App\Controllers\Students::$students_model is deprecated in APPPATH\Controllers\Students.php on line 8.
 1 SYSTEMPATH\CodeIgniter.php(906): App\Controllers\Students->__construct()
 2 SYSTEMPATH\CodeIgniter.php(490): CodeIgniter\CodeIgniter->createController()
 3 SYSTEMPATH\CodeIgniter.php(368): CodeIgniter\CodeIgniter->handleRequest(null, Object(Config\Cache), false)
 4 FCPATH\index.php(67): CodeIgniter\CodeIgniter->run()
WARNING - 2023-05-03 12:22:45 --> [DEPRECATED] Creation of dynamic property App\Controllers\Students::$students_model is deprecated in APPPATH\Controllers\Students.php on line 8.
 1 SYSTEMPATH\CodeIgniter.php(906): App\Controllers\Students->__construct()
 2 SYSTEMPATH\CodeIgniter.php(490): CodeIgniter\CodeIgniter->createController()
 3 SYSTEMPATH\CodeIgniter.php(368): CodeIgniter\CodeIgniter->handleRequest(null, Object(Config\Cache), false)
 4 FCPATH\index.php(67): CodeIgniter\CodeIgniter->run()
WARNING - 2023-05-03 12:22:48 --> [DEPRECATED] Creation of dynamic property App\Controllers\Instructors::$instructors_model is deprecated in APPPATH\Controllers\Instructors.php on line 8.
 1 SYSTEMPATH\CodeIgniter.php(906): App\Controllers\Instructors->__construct()
 2 SYSTEMPATH\CodeIgniter.php(490): CodeIgniter\CodeIgniter->createController()
 3 SYSTEMPATH\CodeIgniter.php(368): CodeIgniter\CodeIgniter->handleRequest(null, Object(Config\Cache), false)
 4 FCPATH\index.php(67): CodeIgniter\CodeIgniter->run()
WARNING - 2023-05-03 12:22:52 --> [DEPRECATED] Creation of dynamic property App\Controllers\Grades::$grades_model is deprecated in APPPATH\Controllers\Grades.php on line 8.
 1 SYSTEMPATH\CodeIgniter.php(906): App\Controllers\Grades->__construct()
 2 SYSTEMPATH\CodeIgniter.php(490): CodeIgniter\CodeIgniter->createController()
 3 SYSTEMPATH\CodeIgniter.php(368): CodeIgniter\CodeIgniter->handleRequest(null, Object(Config\Cache), false)
 4 FCPATH\index.php(67): CodeIgniter\CodeIgniter->run()
WARNING - 2023-05-03 12:22:56 --> [DEPRECATED] Creation of dynamic property App\Controllers\Enrollments::$enrollments_model is deprecated in APPPATH\Controllers\Enrollments.php on line 8.
 1 SYSTEMPATH\CodeIgniter.php(906): App\Controllers\Enrollments->__construct()
 2 SYSTEMPATH\CodeIgniter.php(490): CodeIgniter\CodeIgniter->createController()
 3 SYSTEMPATH\CodeIgniter.php(368): CodeIgniter\CodeIgniter->handleRequest(null, Object(Config\Cache), false)
 4 FCPATH\index.php(67): CodeIgniter\CodeIgniter->run()
WARNING - 2023-05-03 12:36:53 --> [DEPRECATED] Creation of dynamic property App\Controllers\Grades::$grades_model is deprecated in APPPATH\Controllers\Grades.php on line 8.
 1 SYSTEMPATH\CodeIgniter.php(906): App\Controllers\Grades->__construct()
 2 SYSTEMPATH\CodeIgniter.php(490): CodeIgniter\CodeIgniter->createController()
 3 SYSTEMPATH\CodeIgniter.php(368): CodeIgniter\CodeIgniter->handleRequest(null, Object(Config\Cache), false)
 4 FCPATH\index.php(67): CodeIgniter\CodeIgniter->run()
WARNING - 2023-05-03 12:36:57 --> [DEPRECATED] Creation of dynamic property App\Controllers\Enrollments::$enrollments_model is deprecated in APPPATH\Controllers\Enrollments.php on line 8.
 1 SYSTEMPATH\CodeIgniter.php(906): App\Controllers\Enrollments->__construct()
 2 SYSTEMPATH\CodeIgniter.php(490): CodeIgniter\CodeIgniter->createController()
 3 SYSTEMPATH\CodeIgniter.php(368): CodeIgniter\CodeIgniter->handleRequest(null, Object(Config\Cache), false)
 4 FCPATH\index.php(67): CodeIgniter\CodeIgniter->run()
WARNING - 2023-05-03 12:44:29 --> [DEPRECATED] Creation of dynamic property App\Controllers\Courses::$courses_model is deprecated in APPPATH\Controllers\Courses.php on line 8.
 1 SYSTEMPATH\CodeIgniter.php(906): App\Controllers\Courses->__construct()
 2 SYSTEMPATH\CodeIgniter.php(490): CodeIgniter\CodeIgniter->createController()
 3 SYSTEMPATH\CodeIgniter.php(368): CodeIgniter\CodeIgniter->handleRequest(null, Object(Config\Cache), false)
 4 FCPATH\index.php(67): CodeIgniter\CodeIgniter->run()
WARNING - 2023-05-03 12:47:11 --> [DEPRECATED] Creation of dynamic property App\Controllers\Courses::$courses_model is deprecated in APPPATH\Controllers\Courses.php on line 8.
 1 SYSTEMPATH\CodeIgniter.php(906): App\Controllers\Courses->__construct()
 2 SYSTEMPATH\CodeIgniter.php(490): CodeIgniter\CodeIgniter->createController()
 3 SYSTEMPATH\CodeIgniter.php(368): CodeIgniter\CodeIgniter->handleRequest(null, Object(Config\Cache), false)
 4 FCPATH\index.php(67): CodeIgniter\CodeIgniter->run()
WARNING - 2023-05-03 12:47:15 --> [DEPRECATED] Creation of dynamic property App\Controllers\Courses::$courses_model is deprecated in APPPATH\Controllers\Courses.php on line 8.
 1 SYSTEMPATH\CodeIgniter.php(906): App\Controllers\Courses->__construct()
 2 SYSTEMPATH\CodeIgniter.php(490): CodeIgniter\CodeIgniter->createController()
 3 SYSTEMPATH\CodeIgniter.php(368): CodeIgniter\CodeIgniter->handleRequest(null, Object(Config\Cache), false)
 4 FCPATH\index.php(67): CodeIgniter\CodeIgniter->run()
CRITICAL - 2023-05-03 12:47:15 --> Undefined property: App\Controllers\Courses::$prekes_model
in APPPATH\Controllers\Courses.php on line 50.
 1 APPPATH\Controllers\Courses.php(50): CodeIgniter\Debug\Exceptions->errorHandler(2, 'Undefined property: App\\Controllers\\Courses::$prekes_model', 'C:\\XAMPP\\htdocs\\university\\app\\Controllers\\Courses.php', 50)
 2 SYSTEMPATH\CodeIgniter.php(934): App\Controllers\Courses->edit('1')
 3 SYSTEMPATH\CodeIgniter.php(499): CodeIgniter\CodeIgniter->runController(Object(App\Controllers\Courses))
 4 SYSTEMPATH\CodeIgniter.php(368): CodeIgniter\CodeIgniter->handleRequest(null, Object(Config\Cache), false)
 5 FCPATH\index.php(67): CodeIgniter\CodeIgniter->run()
WARNING - 2023-05-03 12:47:44 --> [DEPRECATED] Creation of dynamic property App\Controllers\Courses::$courses_model is deprecated in APPPATH\Controllers\Courses.php on line 8.
 1 SYSTEMPATH\CodeIgniter.php(906): App\Controllers\Courses->__construct()
 2 SYSTEMPATH\CodeIgniter.php(490): CodeIgniter\CodeIgniter->createController()
 3 SYSTEMPATH\CodeIgniter.php(368): CodeIgniter\CodeIgniter->handleRequest(null, Object(Config\Cache), false)
 4 FCPATH\index.php(67): CodeIgniter\CodeIgniter->run()
WARNING - 2023-05-03 12:47:48 --> [DEPRECATED] Creation of dynamic property App\Controllers\Courses::$courses_model is deprecated in APPPATH\Controllers\Courses.php on line 8.
 1 SYSTEMPATH\CodeIgniter.php(906): App\Controllers\Courses->__construct()
 2 SYSTEMPATH\CodeIgniter.php(490): CodeIgniter\CodeIgniter->createController()
 3 SYSTEMPATH\CodeIgniter.php(368): CodeIgniter\CodeIgniter->handleRequest(null, Object(Config\Cache), false)
 4 FCPATH\index.php(67): CodeIgniter\CodeIgniter->run()
ERROR - 2023-05-03 12:47:48 --> mysqli_sql_exception: Unknown column 'courses.id' in 'where clause' in C:\XAMPP\htdocs\university\system\Database\MySQLi\Connection.php:295
Stack trace:
#0 C:\XAMPP\htdocs\university\system\Database\MySQLi\Connection.php(295): mysqli->query('SELECT *\nFROM `...', 0)
#1 C:\XAMPP\htdocs\university\system\Database\BaseConnection.php(692): CodeIgniter\Database\MySQLi\Connection->execute('SELECT *\nFROM `...')
#2 C:\XAMPP\htdocs\university\system\Database\BaseConnection.php(606): CodeIgniter\Database\BaseConnection->simpleQuery('SELECT *\nFROM `...')
#3 C:\XAMPP\htdocs\university\system\Database\BaseBuilder.php(1616): CodeIgniter\Database\BaseConnection->query('SELECT *\nFROM `...', Array, false)
#4 C:\XAMPP\htdocs\university\system\Model.php(200): CodeIgniter\Database\BaseBuilder->get()
#5 C:\XAMPP\htdocs\university\system\BaseModel.php(557): CodeIgniter\Model->doFind(true, '1')
#6 C:\XAMPP\htdocs\university\app\Controllers\Courses.php(50): CodeIgniter\BaseModel->find('1')
#7 C:\XAMPP\htdocs\university\system\CodeIgniter.php(934): App\Controllers\Courses->edit('1')
#8 C:\XAMPP\htdocs\university\system\CodeIgniter.php(499): CodeIgniter\CodeIgniter->runController(Object(App\Controllers\Courses))
#9 C:\XAMPP\htdocs\university\system\CodeIgniter.php(368): CodeIgniter\CodeIgniter->handleRequest(NULL, Object(Config\Cache), false)
#10 C:\XAMPP\htdocs\university\public\index.php(67): CodeIgniter\CodeIgniter->run()
#11 {main}
CRITICAL - 2023-05-03 12:47:48 --> Unknown column 'courses.id' in 'where clause'
in SYSTEMPATH\Database\MySQLi\Connection.php on line 295.
 1 SYSTEMPATH\Database\MySQLi\Connection.php(295): mysqli->query('SELECT *
FROM `courses`
WHERE `courses`.`id` = \'1\'', 0)
 2 SYSTEMPATH\Database\BaseConnection.php(692): CodeIgniter\Database\MySQLi\Connection->execute('SELECT *
FROM `courses`
WHERE `courses`.`id` = \'1\'')
 3 SYSTEMPATH\Database\BaseConnection.php(606): CodeIgniter\Database\BaseConnection->simpleQuery('SELECT *
FROM `courses`
WHERE `courses`.`id` = \'1\'')
 4 SYSTEMPATH\Database\BaseBuilder.php(1616): CodeIgniter\Database\BaseConnection->query('SELECT *
FROM `courses`
WHERE `courses`.`id` = :courses.id:', [...], false)
 5 SYSTEMPATH\Model.php(200): CodeIgniter\Database\BaseBuilder->get()
 6 SYSTEMPATH\BaseModel.php(557): CodeIgniter\Model->doFind(true, '1')
 7 APPPATH\Controllers\Courses.php(50): CodeIgniter\BaseModel->find('1')
 8 SYSTEMPATH\CodeIgniter.php(934): App\Controllers\Courses->edit('1')
 9 SYSTEMPATH\CodeIgniter.php(499): CodeIgniter\CodeIgniter->runController(Object(App\Controllers\Courses))
10 SYSTEMPATH\CodeIgniter.php(368): CodeIgniter\CodeIgniter->handleRequest(null, Object(Config\Cache), false)
11 FCPATH\index.php(67): CodeIgniter\CodeIgniter->run()
WARNING - 2023-05-03 12:47:55 --> [DEPRECATED] Creation of dynamic property App\Controllers\Courses::$courses_model is deprecated in APPPATH\Controllers\Courses.php on line 8.
 1 SYSTEMPATH\CodeIgniter.php(906): App\Controllers\Courses->__construct()
 2 SYSTEMPATH\CodeIgniter.php(490): CodeIgniter\CodeIgniter->createController()
 3 SYSTEMPATH\CodeIgniter.php(368): CodeIgniter\CodeIgniter->handleRequest(null, Object(Config\Cache), false)
 4 FCPATH\index.php(67): CodeIgniter\CodeIgniter->run()
WARNING - 2023-05-03 12:48:07 --> [DEPRECATED] Creation of dynamic property App\Controllers\Courses::$courses_model is deprecated in APPPATH\Controllers\Courses.php on line 8.
 1 SYSTEMPATH\CodeIgniter.php(906): App\Controllers\Courses->__construct()
 2 SYSTEMPATH\CodeIgniter.php(490): CodeIgniter\CodeIgniter->createController()
 3 SYSTEMPATH\CodeIgniter.php(368): CodeIgniter\CodeIgniter->handleRequest(null, Object(Config\Cache), false)
 4 FCPATH\index.php(67): CodeIgniter\CodeIgniter->run()
WARNING - 2023-05-03 12:48:47 --> [DEPRECATED] Creation of dynamic property App\Controllers\Courses::$courses_model is deprecated in APPPATH\Controllers\Courses.php on line 8.
 1 SYSTEMPATH\CodeIgniter.php(906): App\Controllers\Courses->__construct()
 2 SYSTEMPATH\CodeIgniter.php(490): CodeIgniter\CodeIgniter->createController()
 3 SYSTEMPATH\CodeIgniter.php(368): CodeIgniter\CodeIgniter->handleRequest(null, Object(Config\Cache), false)
 4 FCPATH\index.php(67): CodeIgniter\CodeIgniter->run()
ERROR - 2023-05-03 12:48:47 --> mysqli_sql_exception: Unknown column 'courses.id' in 'where clause' in C:\XAMPP\htdocs\university\system\Database\MySQLi\Connection.php:295
Stack trace:
#0 C:\XAMPP\htdocs\university\system\Database\MySQLi\Connection.php(295): mysqli->query('SELECT *\nFROM `...', 0)
#1 C:\XAMPP\htdocs\university\system\Database\BaseConnection.php(692): CodeIgniter\Database\MySQLi\Connection->execute('SELECT *\nFROM `...')
#2 C:\XAMPP\htdocs\university\system\Database\BaseConnection.php(606): CodeIgniter\Database\BaseConnection->simpleQuery('SELECT *\nFROM `...')
#3 C:\XAMPP\htdocs\university\system\Database\BaseBuilder.php(1616): CodeIgniter\Database\BaseConnection->query('SELECT *\nFROM `...', Array, false)
#4 C:\XAMPP\htdocs\university\system\Model.php(200): CodeIgniter\Database\BaseBuilder->get()
#5 C:\XAMPP\htdocs\university\system\BaseModel.php(557): CodeIgniter\Model->doFind(true, '1')
#6 C:\XAMPP\htdocs\university\app\Controllers\Courses.php(50): CodeIgniter\BaseModel->find('1')
#7 C:\XAMPP\htdocs\university\system\CodeIgniter.php(934): App\Controllers\Courses->edit('1')
#8 C:\XAMPP\htdocs\university\system\CodeIgniter.php(499): CodeIgniter\CodeIgniter->runController(Object(App\Controllers\Courses))
#9 C:\XAMPP\htdocs\university\system\CodeIgniter.php(368): CodeIgniter\CodeIgniter->handleRequest(NULL, Object(Config\Cache), false)
#10 C:\XAMPP\htdocs\university\public\index.php(67): CodeIgniter\CodeIgniter->run()
#11 {main}
CRITICAL - 2023-05-03 12:48:47 --> Unknown column 'courses.id' in 'where clause'
in SYSTEMPATH\Database\MySQLi\Connection.php on line 295.
 1 SYSTEMPATH\Database\MySQLi\Connection.php(295): mysqli->query('SELECT *
FROM `courses`
WHERE `courses`.`id` = \'1\'', 0)
 2 SYSTEMPATH\Database\BaseConnection.php(692): CodeIgniter\Database\MySQLi\Connection->execute('SELECT *
FROM `courses`
WHERE `courses`.`id` = \'1\'')
 3 SYSTEMPATH\Database\BaseConnection.php(606): CodeIgniter\Database\BaseConnection->simpleQuery('SELECT *
FROM `courses`
WHERE `courses`.`id` = \'1\'')
 4 SYSTEMPATH\Database\BaseBuilder.php(1616): CodeIgniter\Database\BaseConnection->query('SELECT *
FROM `courses`
WHERE `courses`.`id` = :courses.id:', [...], false)
 5 SYSTEMPATH\Model.php(200): CodeIgniter\Database\BaseBuilder->get()
 6 SYSTEMPATH\BaseModel.php(557): CodeIgniter\Model->doFind(true, '1')
 7 APPPATH\Controllers\Courses.php(50): CodeIgniter\BaseModel->find('1')
 8 SYSTEMPATH\CodeIgniter.php(934): App\Controllers\Courses->edit('1')
 9 SYSTEMPATH\CodeIgniter.php(499): CodeIgniter\CodeIgniter->runController(Object(App\Controllers\Courses))
10 SYSTEMPATH\CodeIgniter.php(368): CodeIgniter\CodeIgniter->handleRequest(null, Object(Config\Cache), false)
11 FCPATH\index.php(67): CodeIgniter\CodeIgniter->run()
WARNING - 2023-05-03 12:52:45 --> [DEPRECATED] Creation of dynamic property App\Controllers\Courses::$courses_model is deprecated in APPPATH\Controllers\Courses.php on line 8.
 1 SYSTEMPATH\CodeIgniter.php(906): App\Controllers\Courses->__construct()
 2 SYSTEMPATH\CodeIgniter.php(490): CodeIgniter\CodeIgniter->createController()
 3 SYSTEMPATH\CodeIgniter.php(368): CodeIgniter\CodeIgniter->handleRequest(null, Object(Config\Cache), false)
 4 FCPATH\index.php(67): CodeIgniter\CodeIgniter->run()
INFO - 2023-05-03 12:52:45 --> Session: Class initialized using 'CodeIgniter\Session\Handlers\FileHandler' driver.
WARNING - 2023-05-03 12:52:46 --> [DEPRECATED] Creation of dynamic property App\Controllers\Courses::$courses_model is deprecated in APPPATH\Controllers\Courses.php on line 8.
 1 SYSTEMPATH\CodeIgniter.php(906): App\Controllers\Courses->__construct()
 2 SYSTEMPATH\CodeIgniter.php(490): CodeIgniter\CodeIgniter->createController()
 3 SYSTEMPATH\CodeIgniter.php(368): CodeIgniter\CodeIgniter->handleRequest(null, Object(Config\Cache), false)
 4 FCPATH\index.php(67): CodeIgniter\CodeIgniter->run()
WARNING - 2023-05-03 12:52:49 --> [DEPRECATED] Creation of dynamic property App\Controllers\Courses::$courses_model is deprecated in APPPATH\Controllers\Courses.php on line 8.
 1 SYSTEMPATH\CodeIgniter.php(906): App\Controllers\Courses->__construct()
 2 SYSTEMPATH\CodeIgniter.php(490): CodeIgniter\CodeIgniter->createController()
 3 SYSTEMPATH\CodeIgniter.php(368): CodeIgniter\CodeIgniter->handleRequest(null, Object(Config\Cache), false)
 4 FCPATH\index.php(67): CodeIgniter\CodeIgniter->run()
INFO - 2023-05-03 12:52:49 --> Session: Class initialized using 'CodeIgniter\Session\Handlers\FileHandler' driver.
WARNING - 2023-05-03 16:37:48 --> [DEPRECATED] Creation of dynamic property App\Controllers\Courses::$courses_model is deprecated in APPPATH\Controllers\Courses.php on line 8.
 1 SYSTEMPATH\CodeIgniter.php(906): App\Controllers\Courses->__construct()
 2 SYSTEMPATH\CodeIgniter.php(490): CodeIgniter\CodeIgniter->createController()
 3 SYSTEMPATH\CodeIgniter.php(368): CodeIgniter\CodeIgniter->handleRequest(null, Object(Config\Cache), false)
 4 FCPATH\index.php(67): CodeIgniter\CodeIgniter->run()
WARNING - 2023-05-03 16:37:59 --> [DEPRECATED] Creation of dynamic property App\Controllers\Courses::$courses_model is deprecated in APPPATH\Controllers\Courses.php on line 8.
 1 SYSTEMPATH\CodeIgniter.php(906): App\Controllers\Courses->__construct()
 2 SYSTEMPATH\CodeIgniter.php(490): CodeIgniter\CodeIgniter->createController()
 3 SYSTEMPATH\CodeIgniter.php(368): CodeIgniter\CodeIgniter->handleRequest(null, Object(Config\Cache), false)
 4 FCPATH\index.php(67): CodeIgniter\CodeIgniter->run()
WARNING - 2023-05-03 16:38:03 --> [DEPRECATED] Creation of dynamic property App\Controllers\Courses::$courses_model is deprecated in APPPATH\Controllers\Courses.php on line 8.
 1 SYSTEMPATH\CodeIgniter.php(906): App\Controllers\Courses->__construct()
 2 SYSTEMPATH\CodeIgniter.php(490): CodeIgniter\CodeIgniter->createController()
 3 SYSTEMPATH\CodeIgniter.php(368): CodeIgniter\CodeIgniter->handleRequest(null, Object(Config\Cache), false)
 4 FCPATH\index.php(67): CodeIgniter\CodeIgniter->run()
INFO - 2023-05-03 16:38:03 --> Session: Class initialized using 'CodeIgniter\Session\Handlers\FileHandler' driver.
WARNING - 2023-05-03 16:39:45 --> [DEPRECATED] Creation of dynamic property App\Controllers\Courses::$courses_model is deprecated in APPPATH\Controllers\Courses.php on line 8.
 1 SYSTEMPATH\CodeIgniter.php(906): App\Controllers\Courses->__construct()
 2 SYSTEMPATH\CodeIgniter.php(490): CodeIgniter\CodeIgniter->createController()
 3 SYSTEMPATH\CodeIgniter.php(368): CodeIgniter\CodeIgniter->handleRequest(null, Object(Config\Cache), false)
 4 FCPATH\index.php(67): CodeIgniter\CodeIgniter->run()
CRITICAL - 2023-05-03 16:39:45 --> syntax error, unexpected token "??"
in APPPATH\Views\course.php on line 27.
 1 SYSTEMPATH\View\View.php(216): CodeIgniter\View\View->CodeIgniter\View\{closure}()
 2 SYSTEMPATH\Common.php(1184): CodeIgniter\View\View->render('course', [], true)
 3 APPPATH\Controllers\Courses.php(67): view('course', [...])
 4 SYSTEMPATH\CodeIgniter.php(934): App\Controllers\Courses->edit('1')
 5 SYSTEMPATH\CodeIgniter.php(499): CodeIgniter\CodeIgniter->runController(Object(App\Controllers\Courses))
 6 SYSTEMPATH\CodeIgniter.php(368): CodeIgniter\CodeIgniter->handleRequest(null, Object(Config\Cache), false)
 7 FCPATH\index.php(67): CodeIgniter\CodeIgniter->run()
WARNING - 2023-05-03 16:40:21 --> [DEPRECATED] Creation of dynamic property App\Controllers\Courses::$courses_model is deprecated in APPPATH\Controllers\Courses.php on line 8.
 1 SYSTEMPATH\CodeIgniter.php(906): App\Controllers\Courses->__construct()
 2 SYSTEMPATH\CodeIgniter.php(490): CodeIgniter\CodeIgniter->createController()
 3 SYSTEMPATH\CodeIgniter.php(368): CodeIgniter\CodeIgniter->handleRequest(null, Object(Config\Cache), false)
 4 FCPATH\index.php(67): CodeIgniter\CodeIgniter->run()
INFO - 2023-05-03 16:40:21 --> Session: Class initialized using 'CodeIgniter\Session\Handlers\FileHandler' driver.
WARNING - 2023-05-03 16:46:31 --> [DEPRECATED] Creation of dynamic property App\Controllers\Courses::$courses_model is deprecated in APPPATH\Controllers\Courses.php on line 8.
 1 SYSTEMPATH\CodeIgniter.php(906): App\Controllers\Courses->__construct()
 2 SYSTEMPATH\CodeIgniter.php(490): CodeIgniter\CodeIgniter->createController()
 3 SYSTEMPATH\CodeIgniter.php(368): CodeIgniter\CodeIgniter->handleRequest(null, Object(Config\Cache), false)
 4 FCPATH\index.php(67): CodeIgniter\CodeIgniter->run()
INFO - 2023-05-03 16:46:31 --> Session: Class initialized using 'CodeIgniter\Session\Handlers\FileHandler' driver.
WARNING - 2023-05-03 16:53:49 --> [DEPRECATED] Creation of dynamic property App\Controllers\Courses::$courses_model is deprecated in APPPATH\Controllers\Courses.php on line 8.
 1 SYSTEMPATH\CodeIgniter.php(906): App\Controllers\Courses->__construct()
 2 SYSTEMPATH\CodeIgniter.php(490): CodeIgniter\CodeIgniter->createController()
 3 SYSTEMPATH\CodeIgniter.php(368): CodeIgniter\CodeIgniter->handleRequest(null, Object(Config\Cache), false)
 4 FCPATH\index.php(67): CodeIgniter\CodeIgniter->run()
WARNING - 2023-05-03 16:53:53 --> [DEPRECATED] Creation of dynamic property App\Controllers\Courses::$courses_model is deprecated in APPPATH\Controllers\Courses.php on line 8.
 1 SYSTEMPATH\CodeIgniter.php(906): App\Controllers\Courses->__construct()
 2 SYSTEMPATH\CodeIgniter.php(490): CodeIgniter\CodeIgniter->createController()
 3 SYSTEMPATH\CodeIgniter.php(368): CodeIgniter\CodeIgniter->handleRequest(null, Object(Config\Cache), false)
 4 FCPATH\index.php(67): CodeIgniter\CodeIgniter->run()
INFO - 2023-05-03 16:53:53 --> Session: Class initialized using 'CodeIgniter\Session\Handlers\FileHandler' driver.
CRITICAL - 2023-05-03 16:53:53 --> Undefined variable $instructors
in APPPATH\Views\course.php on line 29.
 1 APPPATH\Views\course.php(29): CodeIgniter\Debug\Exceptions->errorHandler(2, 'Undefined variable $instructors', 'C:\\XAMPP\\htdocs\\university\\app\\Views\\course.php', 29)
 2 SYSTEMPATH\View\View.php(213): include('C:\\XAMPP\\htdocs\\university\\app\\Views\\course.php')
 3 SYSTEMPATH\View\View.php(216): CodeIgniter\View\View->CodeIgniter\View\{closure}()
 4 SYSTEMPATH\Common.php(1184): CodeIgniter\View\View->render('course', [], true)
 5 APPPATH\Controllers\Courses.php(67): view('course', [...])
 6 SYSTEMPATH\CodeIgniter.php(934): App\Controllers\Courses->edit('1')
 7 SYSTEMPATH\CodeIgniter.php(499): CodeIgniter\CodeIgniter->runController(Object(App\Controllers\Courses))
 8 SYSTEMPATH\CodeIgniter.php(368): CodeIgniter\CodeIgniter->handleRequest(null, Object(Config\Cache), false)
 9 FCPATH\index.php(67): CodeIgniter\CodeIgniter->run()
WARNING - 2023-05-03 16:58:03 --> [DEPRECATED] Creation of dynamic property App\Controllers\Courses::$courses_model is deprecated in APPPATH\Controllers\Courses.php on line 8.
 1 SYSTEMPATH\CodeIgniter.php(906): App\Controllers\Courses->__construct()
 2 SYSTEMPATH\CodeIgniter.php(490): CodeIgniter\CodeIgniter->createController()
 3 SYSTEMPATH\CodeIgniter.php(368): CodeIgniter\CodeIgniter->handleRequest(null, Object(Config\Cache), false)
 4 FCPATH\index.php(67): CodeIgniter\CodeIgniter->run()
INFO - 2023-05-03 16:58:03 --> Session: Class initialized using 'CodeIgniter\Session\Handlers\FileHandler' driver.
CRITICAL - 2023-05-03 16:58:03 --> Undefined variable $instructors
in APPPATH\Views\course.php on line 29.
 1 APPPATH\Views\course.php(29): CodeIgniter\Debug\Exceptions->errorHandler(2, 'Undefined variable $instructors', 'C:\\XAMPP\\htdocs\\university\\app\\Views\\course.php', 29)
 2 SYSTEMPATH\View\View.php(213): include('C:\\XAMPP\\htdocs\\university\\app\\Views\\course.php')
 3 SYSTEMPATH\View\View.php(216): CodeIgniter\View\View->CodeIgniter\View\{closure}()
 4 SYSTEMPATH\Common.php(1184): CodeIgniter\View\View->render('course', [], true)
 5 APPPATH\Controllers\Courses.php(67): view('course', [...])
 6 SYSTEMPATH\CodeIgniter.php(934): App\Controllers\Courses->edit('1')
 7 SYSTEMPATH\CodeIgniter.php(499): CodeIgniter\CodeIgniter->runController(Object(App\Controllers\Courses))
 8 SYSTEMPATH\CodeIgniter.php(368): CodeIgniter\CodeIgniter->handleRequest(null, Object(Config\Cache), false)
 9 FCPATH\index.php(67): CodeIgniter\CodeIgniter->run()
WARNING - 2023-05-03 16:58:05 --> [DEPRECATED] Creation of dynamic property App\Controllers\Courses::$courses_model is deprecated in APPPATH\Controllers\Courses.php on line 8.
 1 SYSTEMPATH\CodeIgniter.php(906): App\Controllers\Courses->__construct()
 2 SYSTEMPATH\CodeIgniter.php(490): CodeIgniter\CodeIgniter->createController()
 3 SYSTEMPATH\CodeIgniter.php(368): CodeIgniter\CodeIgniter->handleRequest(null, Object(Config\Cache), false)
 4 FCPATH\index.php(67): CodeIgniter\CodeIgniter->run()
INFO - 2023-05-03 16:58:05 --> Session: Class initialized using 'CodeIgniter\Session\Handlers\FileHandler' driver.
CRITICAL - 2023-05-03 16:58:05 --> Undefined variable $instructors
in APPPATH\Views\course.php on line 29.
 1 APPPATH\Views\course.php(29): CodeIgniter\Debug\Exceptions->errorHandler(2, 'Undefined variable $instructors', 'C:\\XAMPP\\htdocs\\university\\app\\Views\\course.php', 29)
 2 SYSTEMPATH\View\View.php(213): include('C:\\XAMPP\\htdocs\\university\\app\\Views\\course.php')
 3 SYSTEMPATH\View\View.php(216): CodeIgniter\View\View->CodeIgniter\View\{closure}()
 4 SYSTEMPATH\Common.php(1184): CodeIgniter\View\View->render('course', [], true)
 5 APPPATH\Controllers\Courses.php(67): view('course', [...])
 6 SYSTEMPATH\CodeIgniter.php(934): App\Controllers\Courses->edit('1')
 7 SYSTEMPATH\CodeIgniter.php(499): CodeIgniter\CodeIgniter->runController(Object(App\Controllers\Courses))
 8 SYSTEMPATH\CodeIgniter.php(368): CodeIgniter\CodeIgniter->handleRequest(null, Object(Config\Cache), false)
 9 FCPATH\index.php(67): CodeIgniter\CodeIgniter->run()
WARNING - 2023-05-03 17:00:02 --> [DEPRECATED] Creation of dynamic property App\Controllers\Courses::$courses_model is deprecated in APPPATH\Controllers\Courses.php on line 8.
 1 SYSTEMPATH\CodeIgniter.php(906): App\Controllers\Courses->__construct()
 2 SYSTEMPATH\CodeIgniter.php(490): CodeIgniter\CodeIgniter->createController()
 3 SYSTEMPATH\CodeIgniter.php(368): CodeIgniter\CodeIgniter->handleRequest(null, Object(Config\Cache), false)
 4 FCPATH\index.php(67): CodeIgniter\CodeIgniter->run()
WARNING - 2023-05-03 17:00:02 --> [DEPRECATED] Creation of dynamic property App\Controllers\Courses::$instructors_model is deprecated in APPPATH\Controllers\Courses.php on line 9.
 1 SYSTEMPATH\CodeIgniter.php(906): App\Controllers\Courses->__construct()
 2 SYSTEMPATH\CodeIgniter.php(490): CodeIgniter\CodeIgniter->createController()
 3 SYSTEMPATH\CodeIgniter.php(368): CodeIgniter\CodeIgniter->handleRequest(null, Object(Config\Cache), false)
 4 FCPATH\index.php(67): CodeIgniter\CodeIgniter->run()
INFO - 2023-05-03 17:00:02 --> Session: Class initialized using 'CodeIgniter\Session\Handlers\FileHandler' driver.
CRITICAL - 2023-05-03 17:00:02 --> Undefined variable $instructors
in APPPATH\Views\course.php on line 29.
 1 APPPATH\Views\course.php(29): CodeIgniter\Debug\Exceptions->errorHandler(2, 'Undefined variable $instructors', 'C:\\XAMPP\\htdocs\\university\\app\\Views\\course.php', 29)
 2 SYSTEMPATH\View\View.php(213): include('C:\\XAMPP\\htdocs\\university\\app\\Views\\course.php')
 3 SYSTEMPATH\View\View.php(216): CodeIgniter\View\View->CodeIgniter\View\{closure}()
 4 SYSTEMPATH\Common.php(1184): CodeIgniter\View\View->render('course', [], true)
 5 APPPATH\Controllers\Courses.php(68): view('course', [...])
 6 SYSTEMPATH\CodeIgniter.php(934): App\Controllers\Courses->edit('1')
 7 SYSTEMPATH\CodeIgniter.php(499): CodeIgniter\CodeIgniter->runController(Object(App\Controllers\Courses))
 8 SYSTEMPATH\CodeIgniter.php(368): CodeIgniter\CodeIgniter->handleRequest(null, Object(Config\Cache), false)
 9 FCPATH\index.php(67): CodeIgniter\CodeIgniter->run()
WARNING - 2023-05-03 17:01:51 --> [DEPRECATED] Creation of dynamic property App\Controllers\Courses::$courses_model is deprecated in APPPATH\Controllers\Courses.php on line 8.
 1 SYSTEMPATH\CodeIgniter.php(906): App\Controllers\Courses->__construct()
 2 SYSTEMPATH\CodeIgniter.php(490): CodeIgniter\CodeIgniter->createController()
 3 SYSTEMPATH\CodeIgniter.php(368): CodeIgniter\CodeIgniter->handleRequest(null, Object(Config\Cache), false)
 4 FCPATH\index.php(67): CodeIgniter\CodeIgniter->run()
WARNING - 2023-05-03 17:01:51 --> [DEPRECATED] Creation of dynamic property App\Controllers\Courses::$instructors_model is deprecated in APPPATH\Controllers\Courses.php on line 47.
 1 SYSTEMPATH\CodeIgniter.php(934): App\Controllers\Courses->edit('1')
 2 SYSTEMPATH\CodeIgniter.php(499): CodeIgniter\CodeIgniter->runController(Object(App\Controllers\Courses))
 3 SYSTEMPATH\CodeIgniter.php(368): CodeIgniter\CodeIgniter->handleRequest(null, Object(Config\Cache), false)
 4 FCPATH\index.php(67): CodeIgniter\CodeIgniter->run()
INFO - 2023-05-03 17:01:51 --> Session: Class initialized using 'CodeIgniter\Session\Handlers\FileHandler' driver.
CRITICAL - 2023-05-03 17:01:51 --> Undefined variable $instructors
in APPPATH\Views\course.php on line 29.
 1 APPPATH\Views\course.php(29): CodeIgniter\Debug\Exceptions->errorHandler(2, 'Undefined variable $instructors', 'C:\\XAMPP\\htdocs\\university\\app\\Views\\course.php', 29)
 2 SYSTEMPATH\View\View.php(213): include('C:\\XAMPP\\htdocs\\university\\app\\Views\\course.php')
 3 SYSTEMPATH\View\View.php(216): CodeIgniter\View\View->CodeIgniter\View\{closure}()
 4 SYSTEMPATH\Common.php(1184): CodeIgniter\View\View->render('course', [], true)
 5 APPPATH\Controllers\Courses.php(67): view('course', [...])
 6 SYSTEMPATH\CodeIgniter.php(934): App\Controllers\Courses->edit('1')
 7 SYSTEMPATH\CodeIgniter.php(499): CodeIgniter\CodeIgniter->runController(Object(App\Controllers\Courses))
 8 SYSTEMPATH\CodeIgniter.php(368): CodeIgniter\CodeIgniter->handleRequest(null, Object(Config\Cache), false)
 9 FCPATH\index.php(67): CodeIgniter\CodeIgniter->run()
WARNING - 2023-05-03 17:01:52 --> [DEPRECATED] Creation of dynamic property App\Controllers\Courses::$courses_model is deprecated in APPPATH\Controllers\Courses.php on line 8.
 1 SYSTEMPATH\CodeIgniter.php(906): App\Controllers\Courses->__construct()
 2 SYSTEMPATH\CodeIgniter.php(490): CodeIgniter\CodeIgniter->createController()
 3 SYSTEMPATH\CodeIgniter.php(368): CodeIgniter\CodeIgniter->handleRequest(null, Object(Config\Cache), false)
 4 FCPATH\index.php(67): CodeIgniter\CodeIgniter->run()
WARNING - 2023-05-03 17:01:52 --> [DEPRECATED] Creation of dynamic property App\Controllers\Courses::$instructors_model is deprecated in APPPATH\Controllers\Courses.php on line 47.
 1 SYSTEMPATH\CodeIgniter.php(934): App\Controllers\Courses->edit('1')
 2 SYSTEMPATH\CodeIgniter.php(499): CodeIgniter\CodeIgniter->runController(Object(App\Controllers\Courses))
 3 SYSTEMPATH\CodeIgniter.php(368): CodeIgniter\CodeIgniter->handleRequest(null, Object(Config\Cache), false)
 4 FCPATH\index.php(67): CodeIgniter\CodeIgniter->run()
INFO - 2023-05-03 17:01:52 --> Session: Class initialized using 'CodeIgniter\Session\Handlers\FileHandler' driver.
CRITICAL - 2023-05-03 17:01:52 --> Undefined variable $instructors
in APPPATH\Views\course.php on line 29.
 1 APPPATH\Views\course.php(29): CodeIgniter\Debug\Exceptions->errorHandler(2, 'Undefined variable $instructors', 'C:\\XAMPP\\htdocs\\university\\app\\Views\\course.php', 29)
 2 SYSTEMPATH\View\View.php(213): include('C:\\XAMPP\\htdocs\\university\\app\\Views\\course.php')
 3 SYSTEMPATH\View\View.php(216): CodeIgniter\View\View->CodeIgniter\View\{closure}()
 4 SYSTEMPATH\Common.php(1184): CodeIgniter\View\View->render('course', [], true)
 5 APPPATH\Controllers\Courses.php(67): view('course', [...])
 6 SYSTEMPATH\CodeIgniter.php(934): App\Controllers\Courses->edit('1')
 7 SYSTEMPATH\CodeIgniter.php(499): CodeIgniter\CodeIgniter->runController(Object(App\Controllers\Courses))
 8 SYSTEMPATH\CodeIgniter.php(368): CodeIgniter\CodeIgniter->handleRequest(null, Object(Config\Cache), false)
 9 FCPATH\index.php(67): CodeIgniter\CodeIgniter->run()
WARNING - 2023-05-03 17:03:21 --> [DEPRECATED] Creation of dynamic property App\Controllers\Courses::$courses_model is deprecated in APPPATH\Controllers\Courses.php on line 8.
 1 SYSTEMPATH\CodeIgniter.php(906): App\Controllers\Courses->__construct()
 2 SYSTEMPATH\CodeIgniter.php(490): CodeIgniter\CodeIgniter->createController()
 3 SYSTEMPATH\CodeIgniter.php(368): CodeIgniter\CodeIgniter->handleRequest(null, Object(Config\Cache), false)
 4 FCPATH\index.php(67): CodeIgniter\CodeIgniter->run()
WARNING - 2023-05-03 17:03:21 --> [DEPRECATED] Creation of dynamic property App\Controllers\Courses::$instructors_model is deprecated in APPPATH\Controllers\Courses.php on line 9.
 1 SYSTEMPATH\CodeIgniter.php(906): App\Controllers\Courses->__construct()
 2 SYSTEMPATH\CodeIgniter.php(490): CodeIgniter\CodeIgniter->createController()
 3 SYSTEMPATH\CodeIgniter.php(368): CodeIgniter\CodeIgniter->handleRequest(null, Object(Config\Cache), false)
 4 FCPATH\index.php(67): CodeIgniter\CodeIgniter->run()
INFO - 2023-05-03 17:03:21 --> Session: Class initialized using 'CodeIgniter\Session\Handlers\FileHandler' driver.
WARNING - 2023-05-03 17:03:47 --> [DEPRECATED] Creation of dynamic property App\Controllers\Instructors::$instructors_model is deprecated in APPPATH\Controllers\Instructors.php on line 8.
 1 SYSTEMPATH\CodeIgniter.php(906): App\Controllers\Instructors->__construct()
 2 SYSTEMPATH\CodeIgniter.php(490): CodeIgniter\CodeIgniter->createController()
 3 SYSTEMPATH\CodeIgniter.php(368): CodeIgniter\CodeIgniter->handleRequest(null, Object(Config\Cache), false)
 4 FCPATH\index.php(67): CodeIgniter\CodeIgniter->run()
WARNING - 2023-05-03 17:03:58 --> [DEPRECATED] Creation of dynamic property App\Controllers\Courses::$courses_model is deprecated in APPPATH\Controllers\Courses.php on line 8.
 1 SYSTEMPATH\CodeIgniter.php(906): App\Controllers\Courses->__construct()
 2 SYSTEMPATH\CodeIgniter.php(490): CodeIgniter\CodeIgniter->createController()
 3 SYSTEMPATH\CodeIgniter.php(368): CodeIgniter\CodeIgniter->handleRequest(null, Object(Config\Cache), false)
 4 FCPATH\index.php(67): CodeIgniter\CodeIgniter->run()
WARNING - 2023-05-03 17:03:58 --> [DEPRECATED] Creation of dynamic property App\Controllers\Courses::$instructors_model is deprecated in APPPATH\Controllers\Courses.php on line 9.
 1 SYSTEMPATH\CodeIgniter.php(906): App\Controllers\Courses->__construct()
 2 SYSTEMPATH\CodeIgniter.php(490): CodeIgniter\CodeIgniter->createController()
 3 SYSTEMPATH\CodeIgniter.php(368): CodeIgniter\CodeIgniter->handleRequest(null, Object(Config\Cache), false)
 4 FCPATH\index.php(67): CodeIgniter\CodeIgniter->run()
WARNING - 2023-05-03 17:04:24 --> [DEPRECATED] Creation of dynamic property App\Controllers\Courses::$courses_model is deprecated in APPPATH\Controllers\Courses.php on line 8.
 1 SYSTEMPATH\CodeIgniter.php(906): App\Controllers\Courses->__construct()
 2 SYSTEMPATH\CodeIgniter.php(490): CodeIgniter\CodeIgniter->createController()
 3 SYSTEMPATH\CodeIgniter.php(368): CodeIgniter\CodeIgniter->handleRequest(null, Object(Config\Cache), false)
 4 FCPATH\index.php(67): CodeIgniter\CodeIgniter->run()
WARNING - 2023-05-03 17:04:24 --> [DEPRECATED] Creation of dynamic property App\Controllers\Courses::$instructors_model is deprecated in APPPATH\Controllers\Courses.php on line 9.
 1 SYSTEMPATH\CodeIgniter.php(906): App\Controllers\Courses->__construct()
 2 SYSTEMPATH\CodeIgniter.php(490): CodeIgniter\CodeIgniter->createController()
 3 SYSTEMPATH\CodeIgniter.php(368): CodeIgniter\CodeIgniter->handleRequest(null, Object(Config\Cache), false)
 4 FCPATH\index.php(67): CodeIgniter\CodeIgniter->run()
INFO - 2023-05-03 17:04:24 --> Session: Class initialized using 'CodeIgniter\Session\Handlers\FileHandler' driver.
WARNING - 2023-05-03 17:07:27 --> [DEPRECATED] Creation of dynamic property App\Controllers\Courses::$courses_model is deprecated in APPPATH\Controllers\Courses.php on line 8.
 1 SYSTEMPATH\CodeIgniter.php(906): App\Controllers\Courses->__construct()
 2 SYSTEMPATH\CodeIgniter.php(490): CodeIgniter\CodeIgniter->createController()
 3 SYSTEMPATH\CodeIgniter.php(368): CodeIgniter\CodeIgniter->handleRequest(null, Object(Config\Cache), false)
 4 FCPATH\index.php(67): CodeIgniter\CodeIgniter->run()
WARNING - 2023-05-03 17:07:27 --> [DEPRECATED] Creation of dynamic property App\Controllers\Courses::$instructors_model is deprecated in APPPATH\Controllers\Courses.php on line 9.
 1 SYSTEMPATH\CodeIgniter.php(906): App\Controllers\Courses->__construct()
 2 SYSTEMPATH\CodeIgniter.php(490): CodeIgniter\CodeIgniter->createController()
 3 SYSTEMPATH\CodeIgniter.php(368): CodeIgniter\CodeIgniter->handleRequest(null, Object(Config\Cache), false)
 4 FCPATH\index.php(67): CodeIgniter\CodeIgniter->run()
INFO - 2023-05-03 17:07:27 --> Session: Class initialized using 'CodeIgniter\Session\Handlers\FileHandler' driver.
WARNING - 2023-05-03 17:09:01 --> [DEPRECATED] Creation of dynamic property App\Controllers\Courses::$courses_model is deprecated in APPPATH\Controllers\Courses.php on line 8.
 1 SYSTEMPATH\CodeIgniter.php(906): App\Controllers\Courses->__construct()
 2 SYSTEMPATH\CodeIgniter.php(490): CodeIgniter\CodeIgniter->createController()
 3 SYSTEMPATH\CodeIgniter.php(368): CodeIgniter\CodeIgniter->handleRequest(null, Object(Config\Cache), false)
 4 FCPATH\index.php(67): CodeIgniter\CodeIgniter->run()
WARNING - 2023-05-03 17:09:01 --> [DEPRECATED] Creation of dynamic property App\Controllers\Courses::$instructors_model is deprecated in APPPATH\Controllers\Courses.php on line 9.
 1 SYSTEMPATH\CodeIgniter.php(906): App\Controllers\Courses->__construct()
 2 SYSTEMPATH\CodeIgniter.php(490): CodeIgniter\CodeIgniter->createController()
 3 SYSTEMPATH\CodeIgniter.php(368): CodeIgniter\CodeIgniter->handleRequest(null, Object(Config\Cache), false)
 4 FCPATH\index.php(67): CodeIgniter\CodeIgniter->run()
INFO - 2023-05-03 17:09:01 --> Session: Class initialized using 'CodeIgniter\Session\Handlers\FileHandler' driver.
WARNING - 2023-05-03 17:10:27 --> [DEPRECATED] Creation of dynamic property App\Controllers\Courses::$courses_model is deprecated in APPPATH\Controllers\Courses.php on line 8.
 1 SYSTEMPATH\CodeIgniter.php(906): App\Controllers\Courses->__construct()
 2 SYSTEMPATH\CodeIgniter.php(490): CodeIgniter\CodeIgniter->createController()
 3 SYSTEMPATH\CodeIgniter.php(368): CodeIgniter\CodeIgniter->handleRequest(null, Object(Config\Cache), false)
 4 FCPATH\index.php(67): CodeIgniter\CodeIgniter->run()
WARNING - 2023-05-03 17:10:27 --> [DEPRECATED] Creation of dynamic property App\Controllers\Courses::$instructors_model is deprecated in APPPATH\Controllers\Courses.php on line 9.
 1 SYSTEMPATH\CodeIgniter.php(906): App\Controllers\Courses->__construct()
 2 SYSTEMPATH\CodeIgniter.php(490): CodeIgniter\CodeIgniter->createController()
 3 SYSTEMPATH\CodeIgniter.php(368): CodeIgniter\CodeIgniter->handleRequest(null, Object(Config\Cache), false)
 4 FCPATH\index.php(67): CodeIgniter\CodeIgniter->run()
INFO - 2023-05-03 17:10:27 --> Session: Class initialized using 'CodeIgniter\Session\Handlers\FileHandler' driver.
WARNING - 2023-05-03 17:11:52 --> [DEPRECATED] Creation of dynamic property App\Controllers\Courses::$courses_model is deprecated in APPPATH\Controllers\Courses.php on line 8.
 1 SYSTEMPATH\CodeIgniter.php(906): App\Controllers\Courses->__construct()
 2 SYSTEMPATH\CodeIgniter.php(490): CodeIgniter\CodeIgniter->createController()
 3 SYSTEMPATH\CodeIgniter.php(368): CodeIgniter\CodeIgniter->handleRequest(null, Object(Config\Cache), false)
 4 FCPATH\index.php(67): CodeIgniter\CodeIgniter->run()
WARNING - 2023-05-03 17:11:52 --> [DEPRECATED] Creation of dynamic property App\Controllers\Courses::$instructors_model is deprecated in APPPATH\Controllers\Courses.php on line 9.
 1 SYSTEMPATH\CodeIgniter.php(906): App\Controllers\Courses->__construct()
 2 SYSTEMPATH\CodeIgniter.php(490): CodeIgniter\CodeIgniter->createController()
 3 SYSTEMPATH\CodeIgniter.php(368): CodeIgniter\CodeIgniter->handleRequest(null, Object(Config\Cache), false)
 4 FCPATH\index.php(67): CodeIgniter\CodeIgniter->run()
WARNING - 2023-05-03 17:11:56 --> [DEPRECATED] Creation of dynamic property App\Controllers\Courses::$courses_model is deprecated in APPPATH\Controllers\Courses.php on line 8.
 1 SYSTEMPATH\CodeIgniter.php(906): App\Controllers\Courses->__construct()
 2 SYSTEMPATH\CodeIgniter.php(490): CodeIgniter\CodeIgniter->createController()
 3 SYSTEMPATH\CodeIgniter.php(368): CodeIgniter\CodeIgniter->handleRequest(null, Object(Config\Cache), false)
 4 FCPATH\index.php(67): CodeIgniter\CodeIgniter->run()
WARNING - 2023-05-03 17:11:56 --> [DEPRECATED] Creation of dynamic property App\Controllers\Courses::$instructors_model is deprecated in APPPATH\Controllers\Courses.php on line 9.
 1 SYSTEMPATH\CodeIgniter.php(906): App\Controllers\Courses->__construct()
 2 SYSTEMPATH\CodeIgniter.php(490): CodeIgniter\CodeIgniter->createController()
 3 SYSTEMPATH\CodeIgniter.php(368): CodeIgniter\CodeIgniter->handleRequest(null, Object(Config\Cache), false)
 4 FCPATH\index.php(67): CodeIgniter\CodeIgniter->run()
INFO - 2023-05-03 17:11:56 --> Session: Class initialized using 'CodeIgniter\Session\Handlers\FileHandler' driver.
WARNING - 2023-05-03 17:12:05 --> [DEPRECATED] Creation of dynamic property App\Controllers\Courses::$courses_model is deprecated in APPPATH\Controllers\Courses.php on line 8.
 1 SYSTEMPATH\CodeIgniter.php(906): App\Controllers\Courses->__construct()
 2 SYSTEMPATH\CodeIgniter.php(490): CodeIgniter\CodeIgniter->createController()
 3 SYSTEMPATH\CodeIgniter.php(368): CodeIgniter\CodeIgniter->handleRequest(null, Object(Config\Cache), false)
 4 FCPATH\index.php(67): CodeIgniter\CodeIgniter->run()
WARNING - 2023-05-03 17:12:05 --> [DEPRECATED] Creation of dynamic property App\Controllers\Courses::$instructors_model is deprecated in APPPATH\Controllers\Courses.php on line 9.
 1 SYSTEMPATH\CodeIgniter.php(906): App\Controllers\Courses->__construct()
 2 SYSTEMPATH\CodeIgniter.php(490): CodeIgniter\CodeIgniter->createController()
 3 SYSTEMPATH\CodeIgniter.php(368): CodeIgniter\CodeIgniter->handleRequest(null, Object(Config\Cache), false)
 4 FCPATH\index.php(67): CodeIgniter\CodeIgniter->run()
