WARNING - 2023-05-01 12:20:01 --> [DEPRECATED] Creation of dynamic property App\Controllers\Courses::$courses_model is deprecated in APPPATH\Controllers\Courses.php on line 8.
 1 SYSTEMPATH\CodeIgniter.php(906): App\Controllers\Courses->__construct()
 2 SYSTEMPATH\CodeIgniter.php(490): CodeIgniter\CodeIgniter->createController()
 3 SYSTEMPATH\CodeIgniter.php(368): CodeIgniter\CodeIgniter->handleRequest(null, Object(Config\Cache), false)
 4 FCPATH\index.php(67): CodeIgniter\CodeIgniter->run()
CRITICAL - 2023-05-01 15:35:17 --> Undefined variable $title
in APPPATH\Views\_partials\header.php on line 8.
 1 APPPATH\Views\_partials\header.php(8): CodeIgniter\Debug\Exceptions->errorHandler(2, 'Undefined variable $title', 'C:\\XAMPP\\htdocs\\university\\app\\Views\\_partials\\header.php', 8)
 2 SYSTEMPATH\View\View.php(213): include('C:\\XAMPP\\htdocs\\university\\app\\Views\\_partials\\header.php')
 3 SYSTEMPATH\View\View.php(216): CodeIgniter\View\View->CodeIgniter\View\{closure}()
 4 SYSTEMPATH\View\View.php(431): CodeIgniter\View\View->render('_partials/header', null, true)
 5 APPPATH\Views\home.php(1): CodeIgniter\View\View->include('_partials/header')
 6 SYSTEMPATH\View\View.php(213): include('C:\\XAMPP\\htdocs\\university\\app\\Views\\home.php')
 7 SYSTEMPATH\View\View.php(216): CodeIgniter\View\View->CodeIgniter\View\{closure}()
 8 SYSTEMPATH\Common.php(1184): CodeIgniter\View\View->render('home', [], true)
 9 APPPATH\Controllers\Home.php(9): view('home')
10 SYSTEMPATH\CodeIgniter.php(934): App\Controllers\Home->index()
11 SYSTEMPATH\CodeIgniter.php(499): CodeIgniter\CodeIgniter->runController(Object(App\Controllers\Home))
12 SYSTEMPATH\CodeIgniter.php(368): CodeIgniter\CodeIgniter->handleRequest(null, Object(Config\Cache), false)
13 FCPATH\index.php(67): CodeIgniter\CodeIgniter->run()
WARNING - 2023-05-01 15:36:56 --> [DEPRECATED] Creation of dynamic property App\Controllers\Courses::$courses_model is deprecated in APPPATH\Controllers\Courses.php on line 8.
 1 SYSTEMPATH\CodeIgniter.php(906): App\Controllers\Courses->__construct()
 2 SYSTEMPATH\CodeIgniter.php(490): CodeIgniter\CodeIgniter->createController()
 3 SYSTEMPATH\CodeIgniter.php(368): CodeIgniter\CodeIgniter->handleRequest(null, Object(Config\Cache), false)
 4 FCPATH\index.php(67): CodeIgniter\CodeIgniter->run()
WARNING - 2023-05-01 15:38:50 --> [DEPRECATED] Creation of dynamic property App\Controllers\Courses::$courses_model is deprecated in APPPATH\Controllers\Courses.php on line 8.
 1 SYSTEMPATH\CodeIgniter.php(906): App\Controllers\Courses->__construct()
 2 SYSTEMPATH\CodeIgniter.php(490): CodeIgniter\CodeIgniter->createController()
 3 SYSTEMPATH\CodeIgniter.php(368): CodeIgniter\CodeIgniter->handleRequest(null, Object(Config\Cache), false)
 4 FCPATH\index.php(67): CodeIgniter\CodeIgniter->run()
