CRITICAL - 2023-04-30 13:24:56 --> Undefined variable $title
in APPPATH\Views\_partials\header.php on line 8.
 1 APPPATH\Views\_partials\header.php(8): CodeIgniter\Debug\Exceptions->errorHandler(2, 'Undefined variable $title', 'C:\\XAMPP\\htdocs\\university\\app\\Views\\_partials\\header.php', 8)
 2 SYSTEMPATH\View\View.php(213): include('C:\\XAMPP\\htdocs\\university\\app\\Views\\_partials\\header.php')
 3 SYSTEMPATH\View\View.php(216): CodeIgniter\View\View->CodeIgniter\View\{closure}()
 4 SYSTEMPATH\View\View.php(431): CodeIgniter\View\View->render('_partials/header', null, true)
 5 APPPATH\Views\home.php(1): CodeIgniter\View\View->include('_partials/header')
 6 SYSTEMPATH\View\View.php(213): include('C:\\XAMPP\\htdocs\\university\\app\\Views\\home.php')
 7 SYSTEMPATH\View\View.php(216): CodeIgniter\View\View->CodeIgniter\View\{closure}()
 8 SYSTEMPATH\Common.php(1184): CodeIgniter\View\View->render('home', [], true)
 9 APPPATH\Controllers\Home.php(9): view('home')
10 SYSTEMPATH\CodeIgniter.php(934): App\Controllers\Home->index()
11 SYSTEMPATH\CodeIgniter.php(499): CodeIgniter\CodeIgniter->runController(Object(App\Controllers\Home))
12 SYSTEMPATH\CodeIgniter.php(368): CodeIgniter\CodeIgniter->handleRequest(null, Object(Config\Cache), false)
13 FCPATH\index.php(67): CodeIgniter\CodeIgniter->run()
CRITICAL - 2023-04-30 13:28:21 --> Undefined variable $title
in APPPATH\Views\_partials\header.php on line 8.
 1 APPPATH\Views\_partials\header.php(8): CodeIgniter\Debug\Exceptions->errorHandler(2, 'Undefined variable $title', 'C:\\XAMPP\\htdocs\\university\\app\\Views\\_partials\\header.php', 8)
 2 SYSTEMPATH\View\View.php(213): include('C:\\XAMPP\\htdocs\\university\\app\\Views\\_partials\\header.php')
 3 SYSTEMPATH\View\View.php(216): CodeIgniter\View\View->CodeIgniter\View\{closure}()
 4 SYSTEMPATH\View\View.php(431): CodeIgniter\View\View->render('_partials/header', null, true)
 5 APPPATH\Views\home.php(1): CodeIgniter\View\View->include('_partials/header')
 6 SYSTEMPATH\View\View.php(213): include('C:\\XAMPP\\htdocs\\university\\app\\Views\\home.php')
 7 SYSTEMPATH\View\View.php(216): CodeIgniter\View\View->CodeIgniter\View\{closure}()
 8 SYSTEMPATH\Common.php(1184): CodeIgniter\View\View->render('home', [], true)
 9 APPPATH\Controllers\Home.php(9): view('home')
10 SYSTEMPATH\CodeIgniter.php(934): App\Controllers\Home->index()
11 SYSTEMPATH\CodeIgniter.php(499): CodeIgniter\CodeIgniter->runController(Object(App\Controllers\Home))
12 SYSTEMPATH\CodeIgniter.php(368): CodeIgniter\CodeIgniter->handleRequest(null, Object(Config\Cache), false)
13 FCPATH\index.php(67): CodeIgniter\CodeIgniter->run()
CRITICAL - 2023-04-30 13:35:32 --> Call to undefined function get_controller()
in APPPATH\Views\_partials\nav.php on line 3.
 1 SYSTEMPATH\View\View.php(213): include()
 2 SYSTEMPATH\View\View.php(216): CodeIgniter\View\View->CodeIgniter\View\{closure}()
 3 SYSTEMPATH\View\View.php(431): CodeIgniter\View\View->render('_partials/nav', null, true)
 4 APPPATH\Views\_partials\header.php(14): CodeIgniter\View\View->include('_partials/nav')
 5 SYSTEMPATH\View\View.php(213): include('C:\\XAMPP\\htdocs\\university\\app\\Views\\_partials\\header.php')
 6 SYSTEMPATH\View\View.php(216): CodeIgniter\View\View->CodeIgniter\View\{closure}()
 7 SYSTEMPATH\View\View.php(431): CodeIgniter\View\View->render('_partials/header', null, true)
 8 APPPATH\Views\home.php(1): CodeIgniter\View\View->include('_partials/header')
 9 SYSTEMPATH\View\View.php(213): include('C:\\XAMPP\\htdocs\\university\\app\\Views\\home.php')
10 SYSTEMPATH\View\View.php(216): CodeIgniter\View\View->CodeIgniter\View\{closure}()
11 SYSTEMPATH\Common.php(1184): CodeIgniter\View\View->render('home', [], true)
12 APPPATH\Controllers\Home.php(9): view('home')
13 SYSTEMPATH\CodeIgniter.php(934): App\Controllers\Home->index()
14 SYSTEMPATH\CodeIgniter.php(499): CodeIgniter\CodeIgniter->runController(Object(App\Controllers\Home))
15 SYSTEMPATH\CodeIgniter.php(368): CodeIgniter\CodeIgniter->handleRequest(null, Object(Config\Cache), false)
16 FCPATH\index.php(67): CodeIgniter\CodeIgniter->run()
CRITICAL - 2023-04-30 15:41:42 --> Call to undefined function get_controller()
in APPPATH\Views\_partials\nav.php on line 3.
 1 SYSTEMPATH\View\View.php(213): include()
 2 SYSTEMPATH\View\View.php(216): CodeIgniter\View\View->CodeIgniter\View\{closure}()
 3 SYSTEMPATH\View\View.php(431): CodeIgniter\View\View->render('_partials/nav', null, true)
 4 APPPATH\Views\_partials\header.php(13): CodeIgniter\View\View->include('_partials/nav')
 5 SYSTEMPATH\View\View.php(213): include('C:\\XAMPP\\htdocs\\university\\app\\Views\\_partials\\header.php')
 6 SYSTEMPATH\View\View.php(216): CodeIgniter\View\View->CodeIgniter\View\{closure}()
 7 SYSTEMPATH\View\View.php(431): CodeIgniter\View\View->render('_partials/header', null, true)
 8 APPPATH\Views\home.php(1): CodeIgniter\View\View->include('_partials/header')
 9 SYSTEMPATH\View\View.php(213): include('C:\\XAMPP\\htdocs\\university\\app\\Views\\home.php')
10 SYSTEMPATH\View\View.php(216): CodeIgniter\View\View->CodeIgniter\View\{closure}()
11 SYSTEMPATH\Common.php(1184): CodeIgniter\View\View->render('home', [], true)
12 APPPATH\Controllers\Home.php(9): view('home')
13 SYSTEMPATH\CodeIgniter.php(934): App\Controllers\Home->index()
14 SYSTEMPATH\CodeIgniter.php(499): CodeIgniter\CodeIgniter->runController(Object(App\Controllers\Home))
15 SYSTEMPATH\CodeIgniter.php(368): CodeIgniter\CodeIgniter->handleRequest(null, Object(Config\Cache), false)
16 FCPATH\index.php(67): CodeIgniter\CodeIgniter->run()
CRITICAL - 2023-04-30 15:42:27 --> Call to undefined function get_controller()
in APPPATH\Views\_partials\nav.php on line 3.
 1 SYSTEMPATH\View\View.php(213): include()
 2 SYSTEMPATH\View\View.php(216): CodeIgniter\View\View->CodeIgniter\View\{closure}()
 3 SYSTEMPATH\View\View.php(431): CodeIgniter\View\View->render('_partials/nav', null, true)
 4 APPPATH\Views\_partials\header.php(13): CodeIgniter\View\View->include('_partials/nav')
 5 SYSTEMPATH\View\View.php(213): include('C:\\XAMPP\\htdocs\\university\\app\\Views\\_partials\\header.php')
 6 SYSTEMPATH\View\View.php(216): CodeIgniter\View\View->CodeIgniter\View\{closure}()
 7 SYSTEMPATH\View\View.php(431): CodeIgniter\View\View->render('_partials/header', null, true)
 8 APPPATH\Views\home.php(1): CodeIgniter\View\View->include('_partials/header')
 9 SYSTEMPATH\View\View.php(213): include('C:\\XAMPP\\htdocs\\university\\app\\Views\\home.php')
10 SYSTEMPATH\View\View.php(216): CodeIgniter\View\View->CodeIgniter\View\{closure}()
11 SYSTEMPATH\Common.php(1184): CodeIgniter\View\View->render('home', [], true)
12 APPPATH\Controllers\Home.php(9): view('home')
13 SYSTEMPATH\CodeIgniter.php(934): App\Controllers\Home->index()
14 SYSTEMPATH\CodeIgniter.php(499): CodeIgniter\CodeIgniter->runController(Object(App\Controllers\Home))
15 SYSTEMPATH\CodeIgniter.php(368): CodeIgniter\CodeIgniter->handleRequest(null, Object(Config\Cache), false)
16 FCPATH\index.php(67): CodeIgniter\CodeIgniter->run()
CRITICAL - 2023-04-30 15:42:28 --> Call to undefined function get_controller()
in APPPATH\Views\_partials\nav.php on line 3.
 1 SYSTEMPATH\View\View.php(213): include()
 2 SYSTEMPATH\View\View.php(216): CodeIgniter\View\View->CodeIgniter\View\{closure}()
 3 SYSTEMPATH\View\View.php(431): CodeIgniter\View\View->render('_partials/nav', null, true)
 4 APPPATH\Views\_partials\header.php(13): CodeIgniter\View\View->include('_partials/nav')
 5 SYSTEMPATH\View\View.php(213): include('C:\\XAMPP\\htdocs\\university\\app\\Views\\_partials\\header.php')
 6 SYSTEMPATH\View\View.php(216): CodeIgniter\View\View->CodeIgniter\View\{closure}()
 7 SYSTEMPATH\View\View.php(431): CodeIgniter\View\View->render('_partials/header', null, true)
 8 APPPATH\Views\home.php(1): CodeIgniter\View\View->include('_partials/header')
 9 SYSTEMPATH\View\View.php(213): include('C:\\XAMPP\\htdocs\\university\\app\\Views\\home.php')
10 SYSTEMPATH\View\View.php(216): CodeIgniter\View\View->CodeIgniter\View\{closure}()
11 SYSTEMPATH\Common.php(1184): CodeIgniter\View\View->render('home', [], true)
12 APPPATH\Controllers\Home.php(9): view('home')
13 SYSTEMPATH\CodeIgniter.php(934): App\Controllers\Home->index()
14 SYSTEMPATH\CodeIgniter.php(499): CodeIgniter\CodeIgniter->runController(Object(App\Controllers\Home))
15 SYSTEMPATH\CodeIgniter.php(368): CodeIgniter\CodeIgniter->handleRequest(null, Object(Config\Cache), false)
16 FCPATH\index.php(67): CodeIgniter\CodeIgniter->run()
CRITICAL - 2023-04-30 15:42:30 --> Call to undefined function get_controller()
in APPPATH\Views\_partials\nav.php on line 3.
 1 SYSTEMPATH\View\View.php(213): include()
 2 SYSTEMPATH\View\View.php(216): CodeIgniter\View\View->CodeIgniter\View\{closure}()
 3 SYSTEMPATH\View\View.php(431): CodeIgniter\View\View->render('_partials/nav', null, true)
 4 APPPATH\Views\_partials\header.php(13): CodeIgniter\View\View->include('_partials/nav')
 5 SYSTEMPATH\View\View.php(213): include('C:\\XAMPP\\htdocs\\university\\app\\Views\\_partials\\header.php')
 6 SYSTEMPATH\View\View.php(216): CodeIgniter\View\View->CodeIgniter\View\{closure}()
 7 SYSTEMPATH\View\View.php(431): CodeIgniter\View\View->render('_partials/header', null, true)
 8 APPPATH\Views\home.php(1): CodeIgniter\View\View->include('_partials/header')
 9 SYSTEMPATH\View\View.php(213): include('C:\\XAMPP\\htdocs\\university\\app\\Views\\home.php')
10 SYSTEMPATH\View\View.php(216): CodeIgniter\View\View->CodeIgniter\View\{closure}()
11 SYSTEMPATH\Common.php(1184): CodeIgniter\View\View->render('home', [], true)
12 APPPATH\Controllers\Home.php(9): view('home')
13 SYSTEMPATH\CodeIgniter.php(934): App\Controllers\Home->index()
14 SYSTEMPATH\CodeIgniter.php(499): CodeIgniter\CodeIgniter->runController(Object(App\Controllers\Home))
15 SYSTEMPATH\CodeIgniter.php(368): CodeIgniter\CodeIgniter->handleRequest(null, Object(Config\Cache), false)
16 FCPATH\index.php(67): CodeIgniter\CodeIgniter->run()
CRITICAL - 2023-04-30 15:42:50 --> Call to undefined function get_controller()
in APPPATH\Views\_partials\nav.php on line 3.
 1 SYSTEMPATH\View\View.php(213): include()
 2 SYSTEMPATH\View\View.php(216): CodeIgniter\View\View->CodeIgniter\View\{closure}()
 3 SYSTEMPATH\View\View.php(431): CodeIgniter\View\View->render('_partials/nav', null, true)
 4 APPPATH\Views\_partials\header.php(13): CodeIgniter\View\View->include('_partials/nav')
 5 SYSTEMPATH\View\View.php(213): include('C:\\XAMPP\\htdocs\\university\\app\\Views\\_partials\\header.php')
 6 SYSTEMPATH\View\View.php(216): CodeIgniter\View\View->CodeIgniter\View\{closure}()
 7 SYSTEMPATH\View\View.php(431): CodeIgniter\View\View->render('_partials/header', null, true)
 8 APPPATH\Views\home.php(1): CodeIgniter\View\View->include('_partials/header')
 9 SYSTEMPATH\View\View.php(213): include('C:\\XAMPP\\htdocs\\university\\app\\Views\\home.php')
10 SYSTEMPATH\View\View.php(216): CodeIgniter\View\View->CodeIgniter\View\{closure}()
11 SYSTEMPATH\Common.php(1184): CodeIgniter\View\View->render('home', [], true)
12 APPPATH\Controllers\Home.php(9): view('home')
13 SYSTEMPATH\CodeIgniter.php(934): App\Controllers\Home->index()
14 SYSTEMPATH\CodeIgniter.php(499): CodeIgniter\CodeIgniter->runController(Object(App\Controllers\Home))
15 SYSTEMPATH\CodeIgniter.php(368): CodeIgniter\CodeIgniter->handleRequest(null, Object(Config\Cache), false)
16 FCPATH\index.php(67): CodeIgniter\CodeIgniter->run()
CRITICAL - 2023-04-30 15:46:47 --> Call to undefined function get_controller()
in APPPATH\Views\_partials\nav.php on line 3.
 1 SYSTEMPATH\View\View.php(213): include()
 2 SYSTEMPATH\View\View.php(216): CodeIgniter\View\View->CodeIgniter\View\{closure}()
 3 SYSTEMPATH\View\View.php(431): CodeIgniter\View\View->render('_partials/nav', null, true)
 4 APPPATH\Views\_partials\header.php(13): CodeIgniter\View\View->include('_partials/nav')
 5 SYSTEMPATH\View\View.php(213): include('C:\\XAMPP\\htdocs\\university\\app\\Views\\_partials\\header.php')
 6 SYSTEMPATH\View\View.php(216): CodeIgniter\View\View->CodeIgniter\View\{closure}()
 7 SYSTEMPATH\View\View.php(431): CodeIgniter\View\View->render('_partials/header', null, true)
 8 APPPATH\Views\home.php(1): CodeIgniter\View\View->include('_partials/header')
 9 SYSTEMPATH\View\View.php(213): include('C:\\XAMPP\\htdocs\\university\\app\\Views\\home.php')
10 SYSTEMPATH\View\View.php(216): CodeIgniter\View\View->CodeIgniter\View\{closure}()
11 SYSTEMPATH\Common.php(1184): CodeIgniter\View\View->render('home', [], true)
12 APPPATH\Controllers\Home.php(9): view('home')
13 SYSTEMPATH\CodeIgniter.php(934): App\Controllers\Home->index()
14 SYSTEMPATH\CodeIgniter.php(499): CodeIgniter\CodeIgniter->runController(Object(App\Controllers\Home))
15 SYSTEMPATH\CodeIgniter.php(368): CodeIgniter\CodeIgniter->handleRequest(null, Object(Config\Cache), false)
16 FCPATH\index.php(67): CodeIgniter\CodeIgniter->run()
CRITICAL - 2023-04-30 15:46:48 --> Call to undefined function get_controller()
in APPPATH\Views\_partials\nav.php on line 3.
 1 SYSTEMPATH\View\View.php(213): include()
 2 SYSTEMPATH\View\View.php(216): CodeIgniter\View\View->CodeIgniter\View\{closure}()
 3 SYSTEMPATH\View\View.php(431): CodeIgniter\View\View->render('_partials/nav', null, true)
 4 APPPATH\Views\_partials\header.php(13): CodeIgniter\View\View->include('_partials/nav')
 5 SYSTEMPATH\View\View.php(213): include('C:\\XAMPP\\htdocs\\university\\app\\Views\\_partials\\header.php')
 6 SYSTEMPATH\View\View.php(216): CodeIgniter\View\View->CodeIgniter\View\{closure}()
 7 SYSTEMPATH\View\View.php(431): CodeIgniter\View\View->render('_partials/header', null, true)
 8 APPPATH\Views\home.php(1): CodeIgniter\View\View->include('_partials/header')
 9 SYSTEMPATH\View\View.php(213): include('C:\\XAMPP\\htdocs\\university\\app\\Views\\home.php')
10 SYSTEMPATH\View\View.php(216): CodeIgniter\View\View->CodeIgniter\View\{closure}()
11 SYSTEMPATH\Common.php(1184): CodeIgniter\View\View->render('home', [], true)
12 APPPATH\Controllers\Home.php(9): view('home')
13 SYSTEMPATH\CodeIgniter.php(934): App\Controllers\Home->index()
14 SYSTEMPATH\CodeIgniter.php(499): CodeIgniter\CodeIgniter->runController(Object(App\Controllers\Home))
15 SYSTEMPATH\CodeIgniter.php(368): CodeIgniter\CodeIgniter->handleRequest(null, Object(Config\Cache), false)
16 FCPATH\index.php(67): CodeIgniter\CodeIgniter->run()
CRITICAL - 2023-04-30 15:47:24 --> Call to undefined function get_controller()
in APPPATH\Views\_partials\nav.php on line 3.
 1 SYSTEMPATH\View\View.php(213): include()
 2 SYSTEMPATH\View\View.php(216): CodeIgniter\View\View->CodeIgniter\View\{closure}()
 3 SYSTEMPATH\View\View.php(431): CodeIgniter\View\View->render('_partials/nav', null, true)
 4 APPPATH\Views\_partials\header.php(13): CodeIgniter\View\View->include('_partials/nav')
 5 SYSTEMPATH\View\View.php(213): include('C:\\XAMPP\\htdocs\\university\\app\\Views\\_partials\\header.php')
 6 SYSTEMPATH\View\View.php(216): CodeIgniter\View\View->CodeIgniter\View\{closure}()
 7 SYSTEMPATH\View\View.php(431): CodeIgniter\View\View->render('_partials/header', null, true)
 8 APPPATH\Views\home.php(1): CodeIgniter\View\View->include('_partials/header')
 9 SYSTEMPATH\View\View.php(213): include('C:\\XAMPP\\htdocs\\university\\app\\Views\\home.php')
10 SYSTEMPATH\View\View.php(216): CodeIgniter\View\View->CodeIgniter\View\{closure}()
11 SYSTEMPATH\Common.php(1184): CodeIgniter\View\View->render('home', [], true)
12 APPPATH\Controllers\Home.php(9): view('home')
13 SYSTEMPATH\CodeIgniter.php(934): App\Controllers\Home->index()
14 SYSTEMPATH\CodeIgniter.php(499): CodeIgniter\CodeIgniter->runController(Object(App\Controllers\Home))
15 SYSTEMPATH\CodeIgniter.php(368): CodeIgniter\CodeIgniter->handleRequest(null, Object(Config\Cache), false)
16 FCPATH\index.php(67): CodeIgniter\CodeIgniter->run()
CRITICAL - 2023-04-30 15:47:46 --> Call to undefined function get_controller()
in APPPATH\Views\_partials\nav.php on line 3.
 1 SYSTEMPATH\View\View.php(213): include()
 2 SYSTEMPATH\View\View.php(216): CodeIgniter\View\View->CodeIgniter\View\{closure}()
 3 SYSTEMPATH\View\View.php(431): CodeIgniter\View\View->render('_partials/nav', null, true)
 4 APPPATH\Views\_partials\header.php(13): CodeIgniter\View\View->include('_partials/nav')
 5 SYSTEMPATH\View\View.php(213): include('C:\\XAMPP\\htdocs\\university\\app\\Views\\_partials\\header.php')
 6 SYSTEMPATH\View\View.php(216): CodeIgniter\View\View->CodeIgniter\View\{closure}()
 7 SYSTEMPATH\View\View.php(431): CodeIgniter\View\View->render('_partials/header', null, true)
 8 APPPATH\Views\home.php(1): CodeIgniter\View\View->include('_partials/header')
 9 SYSTEMPATH\View\View.php(213): include('C:\\XAMPP\\htdocs\\university\\app\\Views\\home.php')
10 SYSTEMPATH\View\View.php(216): CodeIgniter\View\View->CodeIgniter\View\{closure}()
11 SYSTEMPATH\Common.php(1184): CodeIgniter\View\View->render('home', [], true)
12 APPPATH\Controllers\Home.php(9): view('home')
13 SYSTEMPATH\CodeIgniter.php(934): App\Controllers\Home->index()
14 SYSTEMPATH\CodeIgniter.php(499): CodeIgniter\CodeIgniter->runController(Object(App\Controllers\Home))
15 SYSTEMPATH\CodeIgniter.php(368): CodeIgniter\CodeIgniter->handleRequest(null, Object(Config\Cache), false)
16 FCPATH\index.php(67): CodeIgniter\CodeIgniter->run()
